# JRE version: Java(TM) SE Runtime Environment (8.0_65-b17) (build 1.8.0_65-b17)
# Java VM: Java HotSpot(TM) 64-Bit Server VM (25.65-b01 mixed mode windows-amd64 compressed oops)
Heap:
 PSYoungGen      total 220672K, used 31977K [0x00000000d5a00000, 0x00000000e7180000, 0x0000000100000000)
  eden space 206336K, 8% used [0x00000000d5a00000,0x00000000d6b42420,0x00000000e2380000)
  from space 14336K, 99% used [0x00000000e2380000,0x00000000e3178388,0x00000000e3180000)
  to   space 18944K, 0% used [0x00000000e5f00000,0x00000000e5f00000,0x00000000e7180000)
 ParOldGen       total 102400K, used 28903K [0x0000000080e00000, 0x0000000087200000, 0x00000000d5a00000)
  object space 102400K, 28% used [0x0000000080e00000,0x0000000082a39e38,0x0000000087200000)
 Metaspace       used 48617K, capacity 49108K, committed 49280K, reserved 1091584K
  class space    used 6103K, capacity 6220K, committed 6272K, reserved 1048576K
GC Heap History (10 events):
Event: 3.293 GC heap before
{Heap before GC invocations=7 (full 1):
 PSYoungGen      total 139264K, used 7649K [0x00000000d5a00000, 0x00000000dee00000, 0x0000000100000000)
  eden space 131584K, 0% used [0x00000000d5a00000,0x00000000d5a00000,0x00000000dda80000)
  from space 7680K, 99% used [0x00000000de380000,0x00000000deaf84b0,0x00000000deb00000)
  to   space 9216K, 0% used [0x00000000dda80000,0x00000000dda80000,0x00000000de380000)
 ParOldGen       total 87552K, used 4404K [0x0000000080e00000, 0x0000000086380000, 0x00000000d5a00000)
  object space 87552K, 5% used [0x0000000080e00000,0x000000008124d028,0x0000000086380000)
 Metaspace       used 20905K, capacity 21120K, committed 21296K, reserved 1069056K
  class space    used 2552K, capacity 2588K, committed 2688K, reserved 1048576K
Event: 3.325 GC heap after
Heap after GC invocations=7 (full 1):
 PSYoungGen      total 139264K, used 0K [0x00000000d5a00000, 0x00000000dee00000, 0x0000000100000000)
  eden space 131584K, 0% used [0x00000000d5a00000,0x00000000d5a00000,0x00000000dda80000)
  from space 7680K, 0% used [0x00000000de380000,0x00000000de380000,0x00000000deb00000)
  to   space 9216K, 0% used [0x00000000dda80000,0x00000000dda80000,0x00000000de380000)
 ParOldGen       total 58368K, used 8882K [0x0000000080e00000, 0x0000000084700000, 0x00000000d5a00000)
  object space 58368K, 15% used [0x0000000080e00000,0x00000000816acaa8,0x0000000084700000)
 Metaspace       used 20905K, capacity 21120K, committed 21296K, reserved 1069056K
  class space    used 2552K, capacity 2588K, committed 2688K, reserved 1048576K
}
Event: 4.243 GC heap before
{Heap before GC invocations=8 (full 1):
 PSYoungGen      total 139264K, used 131584K [0x00000000d5a00000, 0x00000000dee00000, 0x0000000100000000)
  eden space 131584K, 100% used [0x00000000d5a00000,0x00000000dda80000,0x00000000dda80000)
  from space 7680K, 0% used [0x00000000de380000,0x00000000de380000,0x00000000deb00000)
  to   space 9216K, 0% used [0x00000000dda80000,0x00000000dda80000,0x00000000de380000)
 ParOldGen       total 58368K, used 8882K [0x0000000080e00000, 0x0000000084700000, 0x00000000d5a00000)
  object space 58368K, 15% used [0x0000000080e00000,0x00000000816acaa8,0x0000000084700000)
 Metaspace       used 25742K, capacity 25976K, committed 26240K, reserved 1073152K
  class space    used 3149K, capacity 3200K, committed 3200K, reserved 1048576K
Event: 4.259 GC heap after
Heap after GC invocations=8 (full 1):
 PSYoungGen      total 140800K, used 9194K [0x00000000d5a00000, 0x00000000e3c80000, 0x0000000100000000)
  eden space 131584K, 0% used [0x00000000d5a00000,0x00000000d5a00000,0x00000000dda80000)
  from space 9216K, 99% used [0x00000000dda80000,0x00000000de37aae0,0x00000000de380000)
  to   space 10752K, 0% used [0x00000000e3200000,0x00000000e3200000,0x00000000e3c80000)
 ParOldGen       total 58368K, used 9967K [0x0000000080e00000, 0x0000000084700000, 0x00000000d5a00000)
  object space 58368K, 17% used [0x0000000080e00000,0x00000000817bbd58,0x0000000084700000)
 Metaspace       used 25742K, capacity 25976K, committed 26240K, reserved 1073152K
  class space    used 3149K, capacity 3200K, committed 3200K, reserved 1048576K
}
Event: 5.632 GC heap before
{Heap before GC invocations=9 (full 1):
 PSYoungGen      total 140800K, used 91860K [0x00000000d5a00000, 0x00000000e3c80000, 0x0000000100000000)
  eden space 131584K, 62% used [0x00000000d5a00000,0x00000000daaba868,0x00000000dda80000)
  from space 9216K, 99% used [0x00000000dda80000,0x00000000de37aae0,0x00000000de380000)
  to   space 10752K, 0% used [0x00000000e3200000,0x00000000e3200000,0x00000000e3c80000)
 ParOldGen       total 58368K, used 9967K [0x0000000080e00000, 0x0000000084700000, 0x00000000d5a00000)
  object space 58368K, 17% used [0x0000000080e00000,0x00000000817bbd58,0x0000000084700000)
 Metaspace       used 35120K, capacity 35386K, committed 35456K, reserved 1081344K
  class space    used 4413K, capacity 4479K, committed 4480K, reserved 1048576K
Event: 5.643 GC heap after
Heap after GC invocations=9 (full 1):
 PSYoungGen      total 217088K, used 10741K [0x00000000d5a00000, 0x00000000e3f80000, 0x0000000100000000)
  eden space 206336K, 0% used [0x00000000d5a00000,0x00000000d5a00000,0x00000000e2380000)
  from space 10752K, 99% used [0x00000000e3200000,0x00000000e3c7d4e8,0x00000000e3c80000)
  to   space 14336K, 0% used [0x00000000e2380000,0x00000000e2380000,0x00000000e3180000)
 ParOldGen       total 58368K, used 15577K [0x0000000080e00000, 0x0000000084700000, 0x00000000d5a00000)
  object space 58368K, 26% used [0x0000000080e00000,0x0000000081d36638,0x0000000084700000)
 Metaspace       used 35120K, capacity 35386K, committed 35456K, reserved 1081344K
  class space    used 4413K, capacity 4479K, committed 4480K, reserved 1048576K
}
Event: 5.643 GC heap before
{Heap before GC invocations=10 (full 2):
 PSYoungGen      total 217088K, used 10741K [0x00000000d5a00000, 0x00000000e3f80000, 0x0000000100000000)
  eden space 206336K, 0% used [0x00000000d5a00000,0x00000000d5a00000,0x00000000e2380000)
  from space 10752K, 99% used [0x00000000e3200000,0x00000000e3c7d4e8,0x00000000e3c80000)
  to   space 14336K, 0% used [0x00000000e2380000,0x00000000e2380000,0x00000000e3180000)
 ParOldGen       total 58368K, used 15577K [0x0000000080e00000, 0x0000000084700000, 0x00000000d5a00000)
  object space 58368K, 26% used [0x0000000080e00000,0x0000000081d36638,0x0000000084700000)
 Metaspace       used 35120K, capacity 35386K, committed 35456K, reserved 1081344K
  class space    used 4413K, capacity 4479K, committed 4480K, reserved 1048576K
Event: 5.710 GC heap after
Heap after GC invocations=10 (full 2):
 PSYoungGen      total 217088K, used 0K [0x00000000d5a00000, 0x00000000e3f80000, 0x0000000100000000)
  eden space 206336K, 0% used [0x00000000d5a00000,0x00000000d5a00000,0x00000000e2380000)
  from space 10752K, 0% used [0x00000000e3200000,0x00000000e3200000,0x00000000e3c80000)
  to   space 14336K, 0% used [0x00000000e2380000,0x00000000e2380000,0x00000000e3180000)
 ParOldGen       total 102400K, used 22961K [0x0000000080e00000, 0x0000000087200000, 0x00000000d5a00000)
  object space 102400K, 22% used [0x0000000080e00000,0x000000008246c558,0x0000000087200000)
 Metaspace       used 35120K, capacity 35386K, committed 35456K, reserved 1081344K
  class space    used 4413K, capacity 4479K, committed 4480K, reserved 1048576K
}
Event: 32.364 GC heap before
{Heap before GC invocations=11 (full 2):
 PSYoungGen      total 217088K, used 206336K [0x00000000d5a00000, 0x00000000e3f80000, 0x0000000100000000)
  eden space 206336K, 100% used [0x00000000d5a00000,0x00000000e2380000,0x00000000e2380000)
  from space 10752K, 0% used [0x00000000e3200000,0x00000000e3200000,0x00000000e3c80000)
  to   space 14336K, 0% used [0x00000000e2380000,0x00000000e2380000,0x00000000e3180000)
 ParOldGen       total 102400K, used 22961K [0x0000000080e00000, 0x0000000087200000, 0x00000000d5a00000)
  object space 102400K, 22% used [0x0000000080e00000,0x000000008246c558,0x0000000087200000)
 Metaspace       used 47944K, capacity 48352K, committed 48640K, reserved 1091584K
  class space    used 6035K, capacity 6130K, committed 6144K, reserved 1048576K
Event: 32.378 GC heap after
Heap after GC invocations=11 (full 2):
 PSYoungGen      total 220672K, used 14304K [0x00000000d5a00000, 0x00000000e7180000, 0x0000000100000000)
  eden space 206336K, 0% used [0x00000000d5a00000,0x00000000d5a00000,0x00000000e2380000)
  from space 14336K, 99% used [0x00000000e2380000,0x00000000e3178388,0x00000000e3180000)
  to   space 18944K, 0% used [0x00000000e5f00000,0x00000000e5f00000,0x00000000e7180000)
 ParOldGen       total 102400K, used 28903K [0x0000000080e00000, 0x0000000087200000, 0x00000000d5a00000)
  object space 102400K, 28% used [0x0000000080e00000,0x0000000082a39e38,0x0000000087200000)
 Metaspace       used 47944K, capacity 48352K, committed 48640K, reserved 1091584K
  class space    used 6035K, capacity 6130K, committed 6144K, reserved 1048576K
}

