# JRE version: Java(TM) SE Runtime Environment (8.0_25-b18) (build 1.8.0_25-b18)
# Java VM: Java HotSpot(TM) 64-Bit Server VM (25.25-b02 mixed mode windows-amd64 compressed oops)
Heap:
 PSYoungGen      total 168448K, used 78189K [0x00000000eb000000, 0x00000000f8800000, 0x0000000100000000)
  eden space 155136K, 41% used [0x00000000eb000000,0x00000000eef5faa8,0x00000000f4780000)
  from space 13312K, 99% used [0x00000000f4780000,0x00000000f547bb08,0x00000000f5480000)
  to   space 15360K, 0% used [0x00000000f7900000,0x00000000f7900000,0x00000000f8800000)
 ParOldGen       total 69120K, used 23694K [0x00000000c1000000, 0x00000000c5380000, 0x00000000eb000000)
  object space 69120K, 34% used [0x00000000c1000000,0x00000000c2723bc0,0x00000000c5380000)
 Metaspace       used 47733K, capacity 48150K, committed 48640K, reserved 1091584K
  class space    used 6005K, capacity 6099K, committed 6144K, reserved 1048576K
GC Heap History (10 events):
Event: 4.919 GC heap before
{Heap before GC invocations=9 (full 1):
 PSYoungGen      total 134144K, used 6635K [0x00000000eb000000, 0x00000000f3e00000, 0x0000000100000000)
  eden space 127488K, 0% used [0x00000000eb000000,0x00000000eb000000,0x00000000f2c80000)
  from space 6656K, 99% used [0x00000000f3480000,0x00000000f3afae08,0x00000000f3b00000)
  to   space 8192K, 0% used [0x00000000f2c80000,0x00000000f2c80000,0x00000000f3480000)
 ParOldGen       total 44032K, used 8468K [0x00000000c1000000, 0x00000000c3b00000, 0x00000000eb000000)
  object space 44032K, 19% used [0x00000000c1000000,0x00000000c1845358,0x00000000c3b00000)
 Metaspace       used 20809K, capacity 21056K, committed 21296K, reserved 1069056K
  class space    used 2534K, capacity 2590K, committed 2688K, reserved 1048576K
Event: 5.021 GC heap after
Heap after GC invocations=9 (full 1):
 PSYoungGen      total 134144K, used 0K [0x00000000eb000000, 0x00000000f3e00000, 0x0000000100000000)
  eden space 127488K, 0% used [0x00000000eb000000,0x00000000eb000000,0x00000000f2c80000)
  from space 6656K, 0% used [0x00000000f3480000,0x00000000f3480000,0x00000000f3b00000)
  to   space 8192K, 0% used [0x00000000f2c80000,0x00000000f2c80000,0x00000000f3480000)
 ParOldGen       total 36864K, used 8832K [0x00000000c1000000, 0x00000000c3400000, 0x00000000eb000000)
  object space 36864K, 23% used [0x00000000c1000000,0x00000000c18a00d0,0x00000000c3400000)
 Metaspace       used 20809K, capacity 21056K, committed 21296K, reserved 1069056K
  class space    used 2534K, capacity 2590K, committed 2688K, reserved 1048576K
}
Event: 7.283 GC heap before
{Heap before GC invocations=10 (full 1):
 PSYoungGen      total 134144K, used 127488K [0x00000000eb000000, 0x00000000f3e00000, 0x0000000100000000)
  eden space 127488K, 100% used [0x00000000eb000000,0x00000000f2c80000,0x00000000f2c80000)
  from space 6656K, 0% used [0x00000000f3480000,0x00000000f3480000,0x00000000f3b00000)
  to   space 8192K, 0% used [0x00000000f2c80000,0x00000000f2c80000,0x00000000f3480000)
 ParOldGen       total 36864K, used 8832K [0x00000000c1000000, 0x00000000c3400000, 0x00000000eb000000)
  object space 36864K, 23% used [0x00000000c1000000,0x00000000c18a00d0,0x00000000c3400000)
 Metaspace       used 25655K, capacity 25918K, committed 26368K, reserved 1073152K
  class space    used 3139K, capacity 3203K, committed 3328K, reserved 1048576K
Event: 7.300 GC heap after
Heap after GC invocations=10 (full 1):
 PSYoungGen      total 135680K, used 8172K [0x00000000eb000000, 0x00000000f5e00000, 0x0000000100000000)
  eden space 127488K, 0% used [0x00000000eb000000,0x00000000eb000000,0x00000000f2c80000)
  from space 8192K, 99% used [0x00000000f2c80000,0x00000000f347b280,0x00000000f3480000)
  to   space 9728K, 0% used [0x00000000f5480000,0x00000000f5480000,0x00000000f5e00000)
 ParOldGen       total 36864K, used 10787K [0x00000000c1000000, 0x00000000c3400000, 0x00000000eb000000)
  object space 36864K, 29% used [0x00000000c1000000,0x00000000c1a88fe8,0x00000000c3400000)
 Metaspace       used 25655K, capacity 25918K, committed 26368K, reserved 1073152K
  class space    used 3139K, capacity 3203K, committed 3328K, reserved 1048576K
}
Event: 9.019 GC heap before
{Heap before GC invocations=11 (full 1):
 PSYoungGen      total 135680K, used 96114K [0x00000000eb000000, 0x00000000f5e00000, 0x0000000100000000)
  eden space 127488K, 68% used [0x00000000eb000000,0x00000000f05e1880,0x00000000f2c80000)
  from space 8192K, 99% used [0x00000000f2c80000,0x00000000f347b280,0x00000000f3480000)
  to   space 9728K, 0% used [0x00000000f5480000,0x00000000f5480000,0x00000000f5e00000)
 ParOldGen       total 36864K, used 10787K [0x00000000c1000000, 0x00000000c3400000, 0x00000000eb000000)
  object space 36864K, 29% used [0x00000000c1000000,0x00000000c1a88fe8,0x00000000c3400000)
 Metaspace       used 34865K, capacity 35112K, committed 35456K, reserved 1081344K
  class space    used 4370K, capacity 4430K, committed 4480K, reserved 1048576K
Event: 9.036 GC heap after
Heap after GC invocations=11 (full 1):
 PSYoungGen      total 164864K, used 9720K [0x00000000eb000000, 0x00000000f6380000, 0x0000000100000000)
  eden space 155136K, 0% used [0x00000000eb000000,0x00000000eb000000,0x00000000f4780000)
  from space 9728K, 99% used [0x00000000f5480000,0x00000000f5dfe080,0x00000000f5e00000)
  to   space 13312K, 0% used [0x00000000f4780000,0x00000000f4780000,0x00000000f5480000)
 ParOldGen       total 36864K, used 17417K [0x00000000c1000000, 0x00000000c3400000, 0x00000000eb000000)
  object space 36864K, 47% used [0x00000000c1000000,0x00000000c2102490,0x00000000c3400000)
 Metaspace       used 34865K, capacity 35112K, committed 35456K, reserved 1081344K
  class space    used 4370K, capacity 4430K, committed 4480K, reserved 1048576K
}
Event: 9.036 GC heap before
{Heap before GC invocations=12 (full 2):
 PSYoungGen      total 164864K, used 9720K [0x00000000eb000000, 0x00000000f6380000, 0x0000000100000000)
  eden space 155136K, 0% used [0x00000000eb000000,0x00000000eb000000,0x00000000f4780000)
  from space 9728K, 99% used [0x00000000f5480000,0x00000000f5dfe080,0x00000000f5e00000)
  to   space 13312K, 0% used [0x00000000f4780000,0x00000000f4780000,0x00000000f5480000)
 ParOldGen       total 36864K, used 17417K [0x00000000c1000000, 0x00000000c3400000, 0x00000000eb000000)
  object space 36864K, 47% used [0x00000000c1000000,0x00000000c2102490,0x00000000c3400000)
 Metaspace       used 34865K, capacity 35112K, committed 35456K, reserved 1081344K
  class space    used 4370K, capacity 4430K, committed 4480K, reserved 1048576K
Event: 9.114 GC heap after
Heap after GC invocations=12 (full 2):
 PSYoungGen      total 164864K, used 0K [0x00000000eb000000, 0x00000000f6380000, 0x0000000100000000)
  eden space 155136K, 0% used [0x00000000eb000000,0x00000000eb000000,0x00000000f4780000)
  from space 9728K, 0% used [0x00000000f5480000,0x00000000f5480000,0x00000000f5e00000)
  to   space 13312K, 0% used [0x00000000f4780000,0x00000000f4780000,0x00000000f5480000)
 ParOldGen       total 69120K, used 23125K [0x00000000c1000000, 0x00000000c5380000, 0x00000000eb000000)
  object space 69120K, 33% used [0x00000000c1000000,0x00000000c2695668,0x00000000c5380000)
 Metaspace       used 34863K, capacity 35110K, committed 35456K, reserved 1081344K
  class space    used 4369K, capacity 4429K, committed 4480K, reserved 1048576K
}
Event: 12.283 GC heap before
{Heap before GC invocations=13 (full 2):
 PSYoungGen      total 164864K, used 155136K [0x00000000eb000000, 0x00000000f6380000, 0x0000000100000000)
  eden space 155136K, 100% used [0x00000000eb000000,0x00000000f4780000,0x00000000f4780000)
  from space 9728K, 0% used [0x00000000f5480000,0x00000000f5480000,0x00000000f5e00000)
  to   space 13312K, 0% used [0x00000000f4780000,0x00000000f4780000,0x00000000f5480000)
 ParOldGen       total 69120K, used 23125K [0x00000000c1000000, 0x00000000c5380000, 0x00000000eb000000)
  object space 69120K, 33% used [0x00000000c1000000,0x00000000c2695668,0x00000000c5380000)
 Metaspace       used 42661K, capacity 43044K, committed 43392K, reserved 1087488K
  class space    used 5384K, capacity 5488K, committed 5504K, reserved 1048576K
Event: 12.315 GC heap after
Heap after GC invocations=13 (full 2):
 PSYoungGen      total 168448K, used 13294K [0x00000000eb000000, 0x00000000f8800000, 0x0000000100000000)
  eden space 155136K, 0% used [0x00000000eb000000,0x00000000eb000000,0x00000000f4780000)
  from space 13312K, 99% used [0x00000000f4780000,0x00000000f547bb08,0x00000000f5480000)
  to   space 15360K, 0% used [0x00000000f7900000,0x00000000f7900000,0x00000000f8800000)
 ParOldGen       total 69120K, used 23694K [0x00000000c1000000, 0x00000000c5380000, 0x00000000eb000000)
  object space 69120K, 34% used [0x00000000c1000000,0x00000000c2723bc0,0x00000000c5380000)
 Metaspace       used 42661K, capacity 43044K, committed 43392K, reserved 1087488K
  class space    used 5384K, capacity 5488K, committed 5504K, reserved 1048576K
}

